0 info it worked if it ends with ok
1 verbose cli [ 'C:\\Program Files\\nodejs\\node.exe',
1 verbose cli   'C:\\Program Files\\nodejs\\node_modules\\npm\\bin\\npm-cli.js',
1 verbose cli   'run',
1 verbose cli   'buildrun' ]
2 info using npm@4.1.2
3 info using node@v7.7.2
4 verbose run-script [ 'prebuildrun', 'buildrun', 'postbuildrun' ]
5 info lifecycle y@1.0.0~prebuildrun: y@1.0.0
6 silly lifecycle y@1.0.0~prebuildrun: no script for prebuildrun, continuing
7 info lifecycle y@1.0.0~buildrun: y@1.0.0
8 verbose lifecycle y@1.0.0~buildrun: unsafe-perm in lifecycle true
9 verbose lifecycle y@1.0.0~buildrun: PATH: C:\Program Files\nodejs\node_modules\npm\bin\node-gyp-bin;C:\Users\User\desktop\CleanResume\node_modules\.bin;C:\Users\User\bin;C:\Program Files\Git\mingw64\bin;C:\Program Files\Git\usr\local\bin;C:\Program Files\Git\usr\bin;C:\Program Files\Git\usr\bin;C:\Program Files\Git\mingw64\bin;C:\Program Files\Git\usr\bin;C:\Users\User\bin;C:\Python27;C:\Python27\Scripts;C:\Program Files (x86)\Intel\iCLS Client;C:\Program Files\Intel\iCLS Client;C:\WINDOWS\system32;C:\WINDOWS;C:\WINDOWS\System32\Wbem;C:\WINDOWS\System32\WindowsPowerShell\v1.0;C:\Program Files\Intel\Intel(R) Management Engine Components\DAL;C:\Program Files (x86)\Intel\Intel(R) Management Engine Components\DAL;C:\Program Files\Intel\Intel(R) Management Engine Components\IPT;C:\Program Files (x86)\Intel\Intel(R) Management Engine Components\IPT;C:\Program Files\Samsung\SamsungLink\AllShare Framework DMS\bin;C:\Program Files (x86)\ePapyrus\Papyrus-PlugIn-xfa;C:\Program Files (x86)\ePapyrus\Papyrus-PlugIn-xfa\Addins;C:\Program Files\Git\cmd;C:\Program Files (x86)\Heroku\bin;C:\Program Files (x86)\git\cmd;C:\Program Files (x86)\Git\cmd;C:\Program Files\MongoDB\Server\3.4\bin;C:\ProgramData\chocolatey\bin;C:\Program Files\nodejs;C:\Program Files\Java\jdk1.8.0_121\bin;C:\Program Files (x86)\Yarn\bin;C:\Users\User\AppData\Local\Programs\Python\Python35\Scripts;C:\Users\User\AppData\Local\Programs\Python\Python35;C:\Users\User\Anaconda3;C:\Users\User\Anaconda3\Scripts;C:\Users\User\Anaconda3\Library\bin;C:\Users\User\AppData\Local\atom\bin;C:\Users\User\AppData\Local\Microsoft\WindowsApps;C:\Program Files (x86)\Microsoft VS Code\bin;C:\Users\User\AppData\Roaming\npm;C:\Users\User\AppData\Local\Yarn\.bin;C:\Users\User\AppData\Local\Android\sdk;C:\Users\User\AppData\Local\Android\sdk\tools;C:\Users\User\AppData\Local\Android\sdk\platform-tools;C:\Users\User\AppData\Local\.meteor;C:\Program Files (x86)\ESTsoft\ALSee\x64;C:\Program Files\Git\usr\bin\vendor_perl;C:\Program Files\Git\usr\bin\core_perl
10 verbose lifecycle y@1.0.0~buildrun: CWD: C:\Users\User\desktop\CleanResume
11 silly lifecycle y@1.0.0~buildrun: Args: [ '/d /s /c',
11 silly lifecycle   'webpack --progress --colors --bail && gulp && node --use_strict server.js' ]
12 silly lifecycle y@1.0.0~buildrun: Returned: code: 1  signal: null
13 info lifecycle y@1.0.0~buildrun: Failed to exec buildrun script
14 verbose stack Error: y@1.0.0 buildrun: `webpack --progress --colors --bail && gulp && node --use_strict server.js`
14 verbose stack Exit status 1
14 verbose stack     at EventEmitter.<anonymous> (C:\Program Files\nodejs\node_modules\npm\lib\utils\lifecycle.js:279:16)
14 verbose stack     at emitTwo (events.js:106:13)
14 verbose stack     at EventEmitter.emit (events.js:194:7)
14 verbose stack     at ChildProcess.<anonymous> (C:\Program Files\nodejs\node_modules\npm\lib\utils\spawn.js:40:14)
14 verbose stack     at emitTwo (events.js:106:13)
14 verbose stack     at ChildProcess.emit (events.js:194:7)
14 verbose stack     at maybeClose (internal/child_process.js:899:16)
14 verbose stack     at Process.ChildProcess._handle.onexit (internal/child_process.js:226:5)
15 verbose pkgid y@1.0.0
16 verbose cwd C:\Users\User\desktop\CleanResume
17 error Windows_NT 10.0.14393
18 error argv "C:\\Program Files\\nodejs\\node.exe" "C:\\Program Files\\nodejs\\node_modules\\npm\\bin\\npm-cli.js" "run" "buildrun"
19 error node v7.7.2
20 error npm  v4.1.2
21 error code ELIFECYCLE
22 error y@1.0.0 buildrun: `webpack --progress --colors --bail && gulp && node --use_strict server.js`
22 error Exit status 1
23 error Failed at the y@1.0.0 buildrun script 'webpack --progress --colors --bail && gulp && node --use_strict server.js'.
23 error Make sure you have the latest version of node.js and npm installed.
23 error If you do, this is most likely a problem with the y package,
23 error not with npm itself.
23 error Tell the author that this fails on your system:
23 error     webpack --progress --colors --bail && gulp && node --use_strict server.js
23 error You can get information on how to open an issue for this project with:
23 error     npm bugs y
23 error Or if that isn't available, you can get their info via:
23 error     npm owner ls y
23 error There is likely additional logging output above.
24 verbose exit [ 1, true ]
